<?xml version="1.0" encoding="UTF-8"?>
<testsuite name="practical1.NumberToolsTest" tests="2" skipped="0" failures="0" errors="0" timestamp="2023-10-17T12:48:11" hostname="Graemes-MacBook-Air.local" time="0.009">
  <properties/>
  <testcase name="testParse" classname="practical1.NumberToolsTest" time="0.003"/>
  <testcase name="testComputeStatistic" classname="practical1.NumberToolsTest" time="0.005"/>
  <system-out><![CDATA[]]></system-out>
  <system-err><![CDATA[]]></system-err>
</testsuite>
